[debug] [2021-02-25T18:42:15.617Z] ----------------------------------------------------------------------
[debug] [2021-02-25T18:42:15.620Z] Command:       /usr/local/bin/node /usr/local/bin/firebase functions:shell
[debug] [2021-02-25T18:42:15.620Z] CLI Version:   8.14.1
[debug] [2021-02-25T18:42:15.620Z] Platform:      darwin
[debug] [2021-02-25T18:42:15.621Z] Node Version:  v14.16.0
[debug] [2021-02-25T18:42:15.622Z] Time:          Thu Feb 25 2021 13:42:15 GMT-0500 (Eastern Standard Time)
[debug] [2021-02-25T18:42:15.622Z] ----------------------------------------------------------------------
[debug] [2021-02-25T18:42:15.622Z] 
[debug] [2021-02-25T18:42:15.632Z] > command requires scopes: ["email","openid","https://www.googleapis.com/auth/cloudplatformprojects.readonly","https://www.googleapis.com/auth/firebase","https://www.googleapis.com/auth/cloud-platform"]
[debug] [2021-02-25T18:42:15.633Z] > authorizing via signed-in user
[debug] [2021-02-25T18:42:15.633Z] [iam] checking project tvl-snacks for permissions ["firebase.projects.get"]
[debug] [2021-02-25T18:42:15.637Z] >>> HTTP REQUEST POST https://cloudresourcemanager.googleapis.com/v1/projects/tvl-snacks:testIamPermissions  
 {"permissions":["firebase.projects.get"]}
[debug] [2021-02-25T18:42:16.533Z] <<< HTTP RESPONSE 200 {"content-type":"application/json; charset=UTF-8","vary":"X-Origin, Referer, Origin,Accept-Encoding","date":"Thu, 25 Feb 2021 18:42:16 GMT","server":"ESF","cache-control":"private","x-xss-protection":"0","x-frame-options":"SAMEORIGIN","x-content-type-options":"nosniff","server-timing":"gfet4t7; dur=551","alt-svc":"h3-29=\":443\"; ma=2592000,h3-T051=\":443\"; ma=2592000,h3-Q050=\":443\"; ma=2592000,h3-Q046=\":443\"; ma=2592000,h3-Q043=\":443\"; ma=2592000,quic=\":443\"; ma=2592000; v=\"46,43\"","accept-ranges":"none","transfer-encoding":"chunked"}
[warn] ⚠  Your requested "node" version "12" doesn't match your global version "14" {"metadata":{"emulator":{"name":"functions"},"message":"Your requested \"node\" version \"12\" doesn't match your global version \"14\""}}
[debug] [2021-02-25T18:42:16.566Z] defaultcredentials: writing to file /Users/bryancampbell/.config/firebase/bryanjcampbell1_gmail_com_application_default_credentials.json
[debug] [2021-02-25T18:42:16.571Z] DEBUG: Setting GAC to /Users/bryancampbell/.config/firebase/bryanjcampbell1_gmail_com_application_default_credentials.json
[debug] [2021-02-25T18:42:16.592Z] [functions] Watching "/Users/bryancampbell/Desktop/tvlsnacks/functions" for Cloud Functions...
[debug] [2021-02-25T18:42:16.610Z] DEBUG: [worker-pool] addWorker(~diagnostic~)
[debug] [2021-02-25T18:42:16.611Z] DEBUG: [worker-pool] Adding worker with key ~diagnostic~, total=1
[debug] [2021-02-25T18:42:16.611Z] DEBUG: [worker-pool] submitWork(triggerId=)
[debug] [2021-02-25T18:42:16.612Z] DEBUG: [worker-~diagnostic~-475fc4f3-ece8-40c7-b82f-eae7bc2ea27c]: Assigning socketPath: /var/folders/5x/nwt49q252ngdjrcb4g1qb43r0000gn/T/fire_emu_12081.sock
[debug] [2021-02-25T18:42:16.613Z] DEBUG: [worker-~diagnostic~-475fc4f3-ece8-40c7-b82f-eae7bc2ea27c]: BUSY
[debug] [2021-02-25T18:42:17.067Z] DEBUG: [runtime-status] [12081] Functions runtime initialized. {"cwd":"/Users/bryancampbell/Desktop/tvlsnacks/functions","node_version":"14.16.0"}
[debug] [2021-02-25T18:42:17.075Z] DEBUG: [runtime-status] [12081] Disabled runtime features: undefined
[debug] [2021-02-25T18:42:17.080Z] DEBUG: [runtime-status] [12081] Resolved module firebase-admin {"declared":true,"installed":true,"version":"9.5.0","resolution":"/Users/bryancampbell/Desktop/tvlsnacks/functions/node_modules/firebase-admin/lib/index.js"}
[debug] [2021-02-25T18:42:17.082Z] DEBUG: [runtime-status] [12081] Resolved module firebase-functions {"declared":true,"installed":true,"version":"3.13.2","resolution":"/Users/bryancampbell/Desktop/tvlsnacks/functions/node_modules/firebase-functions/lib/index.js"}
[debug] [2021-02-25T18:42:17.087Z] DEBUG: [runtime-status] [12081] Resolved module firebase-functions {"declared":true,"installed":true,"version":"3.13.2","resolution":"/Users/bryancampbell/Desktop/tvlsnacks/functions/node_modules/firebase-functions/lib/index.js"}
[debug] [2021-02-25T18:42:17.092Z] DEBUG: [runtime-status] [12081] Outgoing network have been stubbed. [{"name":"http","status":"mocked"},{"name":"http","status":"mocked"},{"name":"https","status":"mocked"},{"name":"https","status":"mocked"},{"name":"net","status":"mocked"}]
[debug] [2021-02-25T18:42:17.094Z] DEBUG: [runtime-status] [12081] Resolved module firebase-functions {"declared":true,"installed":true,"version":"3.13.2","resolution":"/Users/bryancampbell/Desktop/tvlsnacks/functions/node_modules/firebase-functions/lib/index.js"}
[debug] [2021-02-25T18:42:17.189Z] DEBUG: [runtime-status] [12081] Checked functions.config() {"config":{}}
[debug] [2021-02-25T18:42:17.190Z] DEBUG: [runtime-status] [12081] firebase-functions has been stubbed. {"functionsResolution":{"declared":true,"installed":true,"version":"3.13.2","resolution":"/Users/bryancampbell/Desktop/tvlsnacks/functions/node_modules/firebase-functions/lib/index.js"}}
[debug] [2021-02-25T18:42:17.193Z] DEBUG: [runtime-status] [12081] Resolved module firebase-functions {"declared":true,"installed":true,"version":"3.13.2","resolution":"/Users/bryancampbell/Desktop/tvlsnacks/functions/node_modules/firebase-functions/lib/index.js"}
[debug] [2021-02-25T18:42:17.193Z] DEBUG: [runtime-status] [12081] Resolved module firebase-admin {"declared":true,"installed":true,"version":"9.5.0","resolution":"/Users/bryancampbell/Desktop/tvlsnacks/functions/node_modules/firebase-admin/lib/index.js"}
[debug] [2021-02-25T18:42:17.193Z] DEBUG: [runtime-status] [12081] Resolved module firebase-functions {"declared":true,"installed":true,"version":"3.13.2","resolution":"/Users/bryancampbell/Desktop/tvlsnacks/functions/node_modules/firebase-functions/lib/index.js"}
[debug] [2021-02-25T18:42:17.193Z] DEBUG: [runtime-status] [12081] firebase-admin has been stubbed. {"adminResolution":{"declared":true,"installed":true,"version":"9.5.0","resolution":"/Users/bryancampbell/Desktop/tvlsnacks/functions/node_modules/firebase-admin/lib/index.js"}}
[debug] [2021-02-25T18:42:17.220Z] DEBUG: [worker-~diagnostic~-475fc4f3-ece8-40c7-b82f-eae7bc2ea27c]: IDLE
[debug] [2021-02-25T18:42:17.224Z] [functions[getPrices]] http function initialized (http://localhost:5000/tvl-snacks/us-central1/getPrices).
[info] i  functions: Loaded functions: getPrices 
[warn] ⚠  functions: The following emulators are not running, calls to these services will affect production: firestore, database, pubsub 
